<?xml version="1.0" encoding="UTF-8"?>
<testng-results ignored="0" total="1" passed="1" failed="0" skipped="0">
  <reporter-output>
  </reporter-output>
  <suite started-at="2023-01-22T14:23:02 IST" name="Suite" finished-at="2023-01-22T14:24:28 IST" duration-ms="85405">
    <groups>
    </groups>
    <test started-at="2023-01-22T14:23:02 IST" name="Test" finished-at="2023-01-22T14:24:28 IST" duration-ms="85405">
      <class name="Com.Ecommerce.TestCases.TC_WishList">
        <test-method is-config="true" signature="initialization(java.lang.String)[pri:0, instance:Com.Ecommerce.TestCases.TC_WishList@1d9b7cce]" started-at="2023-01-22T14:23:03 IST" name="initialization" finished-at="2023-01-22T14:24:16 IST" duration-ms="73058" status="PASS">
          <params>
            <param index="0">
              <value>
                <![CDATA[Chrome]]>
              </value>
            </param>
          </params>
          <reporter-output>
          </reporter-output>
        </test-method> <!-- initialization -->
        <test-method signature="wishlist()[pri:0, instance:Com.Ecommerce.TestCases.TC_WishList@1d9b7cce]" started-at="2023-01-22T14:24:16 IST" name="wishlist" finished-at="2023-01-22T14:24:26 IST" duration-ms="10273" status="PASS">
          <reporter-output>
          </reporter-output>
        </test-method> <!-- wishlist -->
        <test-method is-config="true" signature="TearDown()[pri:0, instance:Com.Ecommerce.TestCases.TC_WishList@1d9b7cce]" started-at="2023-01-22T14:24:26 IST" name="TearDown" finished-at="2023-01-22T14:24:28 IST" duration-ms="1888" status="PASS">
          <reporter-output>
          </reporter-output>
        </test-method> <!-- TearDown -->
      </class> <!-- Com.Ecommerce.TestCases.TC_WishList -->
    </test> <!-- Test -->
  </suite> <!-- Suite -->
</testng-results>
